Using pre-set license
Built from '2020.3/staging' branch; Version is '2020.3.14f1 (d0d1bb862f9d) revision 13685179'; Using compiler version '192528614'; Build Type 'Release'
OS: 'Windows 10 Pro; OS build 19043.1263; Version 2009; 64bit' Language: 'ja' Physical Memory: 8103 MB
BatchMode: 1, IsHumanControllingUs: 0, StartBugReporterOnCrash: 0, Is64bit: 1, IsPro: 0

 COMMAND LINE ARGUMENTS:
C:\Program Files\Unity\Hub\Editor\2020.3.14f1\Editor\Unity.exe
-adb2
-batchMode
-noUpm
-name
AssetImportWorker1
-projectPath
D:/git/Reflexes_game
-logFile
Logs/AssetImportWorker1.log
-srvPort
64405
Successfully changed project path to: D:/git/Reflexes_game
D:/git/Reflexes_game
Using Asset Import Pipeline V2.
Refreshing native plugins compatible for Editor in 66.55 ms, found 3 plugins.
Preloading 0 native plugins for Editor in 0.00 ms.
Initialize engine version: 2020.3.14f1 (d0d1bb862f9d)
[Subsystems] Discovering subsystems at path C:/Program Files/Unity/Hub/Editor/2020.3.14f1/Editor/Data/Resources/UnitySubsystems
[Subsystems] Discovering subsystems at path D:/git/Reflexes_game/Assets
GfxDevice: creating device client; threaded=0
Direct3D:
    Version:  Direct3D 11.0 [level 10.1]
    Renderer: Intel(R) HD Graphics 3000 (ID=0x126)
    Vendor:   
    VRAM:     128 MB
    Driver:   9.17.10.4459
Initialize mono
Mono path[0] = 'C:/Program Files/Unity/Hub/Editor/2020.3.14f1/Editor/Data/Managed'
Mono path[1] = 'C:/Program Files/Unity/Hub/Editor/2020.3.14f1/Editor/Data/MonoBleedingEdge/lib/mono/unityjit'
Mono config path = 'C:/Program Files/Unity/Hub/Editor/2020.3.14f1/Editor/Data/MonoBleedingEdge/etc'
Using monoOptions --debugger-agent=transport=dt_socket,embedding=1,server=y,suspend=n,address=127.0.0.1:56164
Begin MonoManager ReloadAssembly
Registering precompiled unity dll's ...
Register platform support module: C:/Program Files/Unity/Hub/Editor/2020.3.14f1/Editor/Data/PlaybackEngines/WebGLSupport/UnityEditor.WebGL.Extensions.dll
Register platform support module: C:/Program Files/Unity/Hub/Editor/2020.3.14f1/Editor/Data/PlaybackEngines/WindowsStandaloneSupport/UnityEditor.WindowsStandalone.Extensions.dll
Registered in 0.004198 seconds.
Native extension for WindowsStandalone target not found
Native extension for WebGL target not found
Refreshing native plugins compatible for Editor in 62.03 ms, found 3 plugins.
Preloading 0 native plugins for Editor in 0.00 ms.
Mono: successfully reloaded assembly
- Completed reload, in  2.470 seconds
Domain Reload Profiling:
	ReloadAssembly (2470ms)
		BeginReloadAssembly (96ms)
			ExecutionOrderSort (0ms)
			DisableScriptedObjects (0ms)
			BackupInstance (0ms)
			ReleaseScriptingObjects (0ms)
			CreateAndSetChildDomain (1ms)
		EndReloadAssembly (643ms)
			LoadAssemblies (92ms)
			RebuildTransferFunctionScriptingTraits (0ms)
			SetupTypeCache (234ms)
			ReleaseScriptCaches (0ms)
			RebuildScriptCaches (54ms)
			SetupLoadedEditorAssemblies (253ms)
				LogAssemblyErrors (0ms)
				InitializePlatformSupportModulesInManaged (7ms)
				SetLoadedEditorAssemblies (0ms)
				RefreshPlugins (62ms)
				BeforeProcessingInitializeOnLoad (10ms)
				ProcessInitializeOnLoadAttributes (128ms)
				ProcessInitializeOnLoadMethodAttributes (44ms)
				AfterProcessingInitializeOnLoad (0ms)
				EditorAssembliesLoaded (0ms)
			ExecutionOrderSort2 (0ms)
			AwakeInstancesAfterBackupRestoration (0ms)
Platform modules already initialized, skipping
Registering precompiled user dll's ...
Registered in 0.004464 seconds.
Begin MonoManager ReloadAssembly
Native extension for WindowsStandalone target not found
Native extension for WebGL target not found
Refreshing native plugins compatible for Editor in 69.46 ms, found 3 plugins.
Preloading 0 native plugins for Editor in 0.00 ms.
Mono: successfully reloaded assembly
- Completed reload, in  6.630 seconds
Domain Reload Profiling:
	ReloadAssembly (6637ms)
		BeginReloadAssembly (254ms)
			ExecutionOrderSort (0ms)
			DisableScriptedObjects (8ms)
			BackupInstance (0ms)
			ReleaseScriptingObjects (0ms)
			CreateAndSetChildDomain (27ms)
		EndReloadAssembly (6261ms)
			LoadAssemblies (3389ms)
			RebuildTransferFunctionScriptingTraits (0ms)
			SetupTypeCache (1574ms)
			ReleaseScriptCaches (1ms)
			RebuildScriptCaches (92ms)
			SetupLoadedEditorAssemblies (969ms)
				LogAssemblyErrors (0ms)
				InitializePlatformSupportModulesInManaged (10ms)
				SetLoadedEditorAssemblies (0ms)
				RefreshPlugins (70ms)
				BeforeProcessingInitializeOnLoad (113ms)
				ProcessInitializeOnLoadAttributes (682ms)
				ProcessInitializeOnLoadMethodAttributes (65ms)
				AfterProcessingInitializeOnLoad (29ms)
				EditorAssembliesLoaded (0ms)
			ExecutionOrderSort2 (0ms)
			AwakeInstancesAfterBackupRestoration (13ms)
Platform modules already initialized, skipping
========================================================================
Worker process is ready to serve import requests
Launched and connected shader compiler UnityShaderCompiler.exe after 0.15 seconds
Refreshing native plugins compatible for Editor in 0.69 ms, found 3 plugins.
Preloading 0 native plugins for Editor in 0.00 ms.
Unloading 2087 Unused Serialized files (Serialized files now loaded: 0)
System memory in use before: 93.1 MB.
System memory in use after: 93.2 MB.

Unloading 28 unused Assets to reduce memory usage. Loaded Objects now: 2526.
Total: 3.682900 ms (FindLiveObjects: 0.257000 ms CreateObjectMapping: 0.117000 ms MarkObjects: 3.192700 ms  DeleteObjects: 0.114000 ms)

AssetImportParameters requested are different than current active one (requested -> active):
  custom:framework-win-MediaFoundation: 216162199b28c13a410421893ffa2e32 -> 
  custom:video-decoder-ogg-theora: a1e56fd34408186e4bbccfd4996cb3dc -> 
  custom:container-muxer-webm: aa71ff27fc2769a1b78a27578f13a17b -> 
  custom:container-demuxer-webm: 4f35f7cbe854078d1ac9338744f61a02 -> 
  custom:container-demuxer-ogg: 62fdf1f143b41e24485cea50d1cbac27 -> 
  custom:video-encoder-webm-vp8: eb34c28f22e8b96e1ab97ce403110664 -> 
  custom:video-decoder-webm-vp8: 9c59270c3fd7afecdb556c50c9e8de78 -> 
  custom:audio-decoder-ogg-vorbis: bf7c407c2cedff20999df2af8eb42d56 -> 
  custom:audio-encoder-webm-vorbis: bf7c407c2cedff20999df2af8eb42d56 -> 
========================================================================
Received Import Request.
  path: Assets/Scenes/titleScene.unity
  artifactKey: Guid(d4deace77bc64604d95a0310b08dec3c) Importer(815301076,1909f56bfc062723c751e8b465ee728b)
Start importing Assets/Scenes/titleScene.unity using Guid(d4deace77bc64604d95a0310b08dec3c) Importer(815301076,1909f56bfc062723c751e8b465ee728b)  -> (artifact id: '9a8c0746faef68ae5c4d890919f6430a') in 0.026920 seconds 
  Import took 0.033755 seconds .

========================================================================
Received Import Request.
  Time since last request: 0.000376 seconds.
  path: Assets/Scenes/scoreScene.unity
  artifactKey: Guid(d37a4ac6cc4ab9e40afecf53056972b1) Importer(815301076,1909f56bfc062723c751e8b465ee728b)
Start importing Assets/Scenes/scoreScene.unity using Guid(d37a4ac6cc4ab9e40afecf53056972b1) Importer(815301076,1909f56bfc062723c751e8b465ee728b)  -> (artifact id: '6db4405284019a89023733bfe7fdea0a') in 0.011490 seconds 
  Import took 0.018241 seconds .

========================================================================
Received Import Request.
  Time since last request: 79.853750 seconds.
  path: Assets/Scenes/resultScene 1.unity
  artifactKey: Guid(2adbcaea3f91c2c488664bb8d30a1b60) Importer(815301076,1909f56bfc062723c751e8b465ee728b)
Start importing Assets/Scenes/resultScene 1.unity using Guid(2adbcaea3f91c2c488664bb8d30a1b60) Importer(815301076,1909f56bfc062723c751e8b465ee728b)  -> (artifact id: 'b946963cc7400044fbfae6adfb515e5d') in 0.013441 seconds 
  Import took 0.020792 seconds .

========================================================================
Received Import Request.
  Time since last request: 23.852598 seconds.
  path: Assets/Scenes/scoreScene.unity
  artifactKey: Guid(2adbcaea3f91c2c488664bb8d30a1b60) Importer(815301076,1909f56bfc062723c751e8b465ee728b)
Start importing Assets/Scenes/scoreScene.unity using Guid(2adbcaea3f91c2c488664bb8d30a1b60) Importer(815301076,1909f56bfc062723c751e8b465ee728b)  -> (artifact id: '0452aac5221ac15624a68300ce4ca407') in 0.008182 seconds 
  Import took 0.016517 seconds .

========================================================================
Received Import Request.
  Time since last request: 67.502784 seconds.
  path: Assets/Scenes/scoreScene.unity
  artifactKey: Guid(2adbcaea3f91c2c488664bb8d30a1b60) Importer(815301076,1909f56bfc062723c751e8b465ee728b)
Start importing Assets/Scenes/scoreScene.unity using Guid(2adbcaea3f91c2c488664bb8d30a1b60) Importer(815301076,1909f56bfc062723c751e8b465ee728b)  -> (artifact id: '6d1897d2686e3dd2d7a09dad2ac60354') in 0.007064 seconds 
  Import took 0.021116 seconds .

========================================================================
Received Import Request.
  Time since last request: 0.001916 seconds.
  path: Assets/Scenes/scoreScene.unity
  artifactKey: Guid(2adbcaea3f91c2c488664bb8d30a1b60) Importer(815301076,1909f56bfc062723c751e8b465ee728b)
Start importing Assets/Scenes/scoreScene.unity using Guid(2adbcaea3f91c2c488664bb8d30a1b60) Importer(815301076,1909f56bfc062723c751e8b465ee728b)  -> (artifact id: '6d1897d2686e3dd2d7a09dad2ac60354') in 0.005784 seconds 
  Import took 0.013136 seconds .

========================================================================
Received Import Request.
  Time since last request: 13.882513 seconds.
  path: Assets/Scenes/scoreScene.unity
  artifactKey: Guid(2adbcaea3f91c2c488664bb8d30a1b60) Importer(815301076,1909f56bfc062723c751e8b465ee728b)
Start importing Assets/Scenes/scoreScene.unity using Guid(2adbcaea3f91c2c488664bb8d30a1b60) Importer(815301076,1909f56bfc062723c751e8b465ee728b)  -> (artifact id: '386453995ccabbde4427111e5405940a') in 0.007370 seconds 
  Import took 0.020448 seconds .

AssetImportWorkerClient::OnTransportError - code=2 error=End of file
